<?xml version="1.0" encoding="UTF-8"?>
<!-- Generated by org.testng.reporters.JUnitXMLReporter -->
<testsuite ignored="0" hostname="Damindu" failures="0" tests="6" name="Surefire test" time="44.337" errors="0" timestamp="2022-12-21T15:18:31 IST">
  <testcase classname="test_scenarios.TestMethods" name="VerifyLogin" time="5.275"/>
  <testcase classname="test_scenarios.TestMethods" name="VerifyProductPrice" time="5.182"/>
  <testcase classname="test_scenarios.TestMethods" name="VerifyAbiltyOfProductAdd" time="0.189"/>
  <testcase classname="test_scenarios.TestMethods" name="VerifySelectedItemsInCart" time="0.087"/>
  <testcase classname="test_scenarios.TestMethods" name="verifyRandomNamesandZipCode" time="0.267"/>
  <testcase classname="test_scenarios.TestMethods" name="verifyOrderCompletion" time="0.044"/>
</testsuite> <!-- Surefire test -->
