<?xml version="1.0" encoding="UTF-8"?>
<!-- Generated by org.testng.reporters.JUnitXMLReporter -->
<testsuite ignored="0" hostname="Damindu" failures="0" tests="6" name="Default test" time="44.984" errors="0" timestamp="2022-12-21T16:02:39 IST">
  <testcase classname="test_scenarios.TestMethods" name="VerifyLogin" time="5.27"/>
  <testcase classname="test_scenarios.TestMethods" name="VerifyProductPrice" time="5.201"/>
  <testcase classname="test_scenarios.TestMethods" name="VerifyAbiltyOfProductAdd" time="0.178"/>
  <testcase classname="test_scenarios.TestMethods" name="VerifySelectedItemsInCart" time="0.104"/>
  <testcase classname="test_scenarios.TestMethods" name="verifyRandomNamesandZipCode" time="0.272"/>
  <testcase classname="test_scenarios.TestMethods" name="verifyOrderCompletion" time="0.054"/>
</testsuite> <!-- Default test -->
