<?xml version="1.0" encoding="UTF-8"?>
<!-- Generated by org.testng.reporters.JUnitXMLReporter -->
<testsuite ignored="0" hostname="Damindu" failures="0" tests="6" name="Test" time="43.565" errors="0" timestamp="2022-12-21T14:08:08 IST">
  <testcase classname="test_scenarios.TestMethods" name="VerifyLogin" time="5.264"/>
  <testcase classname="test_scenarios.TestMethods" name="VerifyProductPrice" time="5.203"/>
  <testcase classname="test_scenarios.TestMethods" name="VerifyAbiltyOfProductAdd" time="0.17"/>
  <testcase classname="test_scenarios.TestMethods" name="VerifySelectedItemsInCart" time="0.088"/>
  <testcase classname="test_scenarios.TestMethods" name="verifyRandomNamesandZipCode" time="0.248"/>
  <testcase classname="test_scenarios.TestMethods" name="verifyOrderCompletion" time="0.047"/>
</testsuite> <!-- Test -->
