<?xml version="1.0" encoding="UTF-8"?>
<testng-results ignored="0" total="6" passed="6" failed="0" skipped="0">
  <reporter-output>
  </reporter-output>
  <suite started-at="2022-12-21T15:17:46 IST" name="Surefire suite" finished-at="2022-12-21T15:18:31 IST" duration-ms="44337">
    <groups>
    </groups>
    <test started-at="2022-12-21T15:17:46 IST" name="Surefire test" finished-at="2022-12-21T15:18:31 IST" duration-ms="44337">
      <class name="test_scenarios.TestMethods">
        <test-method is-config="true" signature="beforetest()[pri:0, instance:test_scenarios.TestMethods@78e117e3]" started-at="2022-12-21T15:17:46 IST" name="beforetest" finished-at="2022-12-21T15:18:19 IST" duration-ms="32625" status="PASS">
          <reporter-output>
          </reporter-output>
        </test-method> <!-- beforetest -->
        <test-method signature="VerifyLogin()[pri:1, instance:test_scenarios.TestMethods@78e117e3]" started-at="2022-12-21T15:18:19 IST" name="VerifyLogin" finished-at="2022-12-21T15:18:24 IST" duration-ms="5275" status="PASS">
          <reporter-output>
          </reporter-output>
        </test-method> <!-- VerifyLogin -->
        <test-method signature="VerifyProductPrice()[pri:2, instance:test_scenarios.TestMethods@78e117e3]" started-at="2022-12-21T15:18:24 IST" name="VerifyProductPrice" finished-at="2022-12-21T15:18:29 IST" duration-ms="5182" status="PASS">
          <reporter-output>
          </reporter-output>
        </test-method> <!-- VerifyProductPrice -->
        <test-method signature="VerifyAbiltyOfProductAdd()[pri:3, instance:test_scenarios.TestMethods@78e117e3]" started-at="2022-12-21T15:18:29 IST" name="VerifyAbiltyOfProductAdd" finished-at="2022-12-21T15:18:30 IST" duration-ms="189" status="PASS">
          <reporter-output>
          </reporter-output>
        </test-method> <!-- VerifyAbiltyOfProductAdd -->
        <test-method signature="VerifySelectedItemsInCart()[pri:4, instance:test_scenarios.TestMethods@78e117e3]" started-at="2022-12-21T15:18:30 IST" name="VerifySelectedItemsInCart" finished-at="2022-12-21T15:18:30 IST" duration-ms="87" status="PASS">
          <reporter-output>
          </reporter-output>
        </test-method> <!-- VerifySelectedItemsInCart -->
        <test-method signature="verifyRandomNamesandZipCode()[pri:5, instance:test_scenarios.TestMethods@78e117e3]" started-at="2022-12-21T15:18:30 IST" name="verifyRandomNamesandZipCode" finished-at="2022-12-21T15:18:30 IST" duration-ms="267" status="PASS">
          <reporter-output>
          </reporter-output>
        </test-method> <!-- verifyRandomNamesandZipCode -->
        <test-method signature="verifyOrderCompletion()[pri:6, instance:test_scenarios.TestMethods@78e117e3]" started-at="2022-12-21T15:18:30 IST" name="verifyOrderCompletion" finished-at="2022-12-21T15:18:30 IST" duration-ms="44" status="PASS">
          <reporter-output>
          </reporter-output>
        </test-method> <!-- verifyOrderCompletion -->
        <test-method is-config="true" signature="aftertest()[pri:0, instance:test_scenarios.TestMethods@78e117e3]" started-at="2022-12-21T15:18:30 IST" name="aftertest" finished-at="2022-12-21T15:18:31 IST" duration-ms="633" status="PASS">
          <reporter-output>
          </reporter-output>
        </test-method> <!-- aftertest -->
      </class> <!-- test_scenarios.TestMethods -->
    </test> <!-- Surefire test -->
  </suite> <!-- Surefire suite -->
</testng-results>
