<?xml version="1.0" encoding="UTF-8"?>
<testng-results ignored="0" total="6" passed="6" failed="0" skipped="0">
  <reporter-output>
  </reporter-output>
  <suite started-at="2022-12-21T16:01:54 IST" name="Default suite" finished-at="2022-12-21T16:02:39 IST" duration-ms="44984">
    <groups>
    </groups>
    <test started-at="2022-12-21T16:01:54 IST" name="Default test" finished-at="2022-12-21T16:02:39 IST" duration-ms="44984">
      <class name="test_scenarios.TestMethods">
        <test-method is-config="true" signature="beforetest()[pri:0, instance:test_scenarios.TestMethods@6302bbb1]" started-at="2022-12-21T16:01:54 IST" name="beforetest" finished-at="2022-12-21T16:02:28 IST" duration-ms="33191" status="PASS">
          <reporter-output>
          </reporter-output>
        </test-method> <!-- beforetest -->
        <test-method signature="VerifyLogin()[pri:1, instance:test_scenarios.TestMethods@6302bbb1]" started-at="2022-12-21T16:02:28 IST" name="VerifyLogin" finished-at="2022-12-21T16:02:33 IST" duration-ms="5270" status="PASS">
          <reporter-output>
          </reporter-output>
        </test-method> <!-- VerifyLogin -->
        <test-method signature="VerifyProductPrice()[pri:2, instance:test_scenarios.TestMethods@6302bbb1]" started-at="2022-12-21T16:02:33 IST" name="VerifyProductPrice" finished-at="2022-12-21T16:02:38 IST" duration-ms="5201" status="PASS">
          <reporter-output>
          </reporter-output>
        </test-method> <!-- VerifyProductPrice -->
        <test-method signature="VerifyAbiltyOfProductAdd()[pri:3, instance:test_scenarios.TestMethods@6302bbb1]" started-at="2022-12-21T16:02:38 IST" name="VerifyAbiltyOfProductAdd" finished-at="2022-12-21T16:02:38 IST" duration-ms="178" status="PASS">
          <reporter-output>
          </reporter-output>
        </test-method> <!-- VerifyAbiltyOfProductAdd -->
        <test-method signature="VerifySelectedItemsInCart()[pri:4, instance:test_scenarios.TestMethods@6302bbb1]" started-at="2022-12-21T16:02:38 IST" name="VerifySelectedItemsInCart" finished-at="2022-12-21T16:02:38 IST" duration-ms="104" status="PASS">
          <reporter-output>
          </reporter-output>
        </test-method> <!-- VerifySelectedItemsInCart -->
        <test-method signature="verifyRandomNamesandZipCode()[pri:5, instance:test_scenarios.TestMethods@6302bbb1]" started-at="2022-12-21T16:02:38 IST" name="verifyRandomNamesandZipCode" finished-at="2022-12-21T16:02:39 IST" duration-ms="272" status="PASS">
          <reporter-output>
          </reporter-output>
        </test-method> <!-- verifyRandomNamesandZipCode -->
        <test-method signature="verifyOrderCompletion()[pri:6, instance:test_scenarios.TestMethods@6302bbb1]" started-at="2022-12-21T16:02:39 IST" name="verifyOrderCompletion" finished-at="2022-12-21T16:02:39 IST" duration-ms="54" status="PASS">
          <reporter-output>
          </reporter-output>
        </test-method> <!-- verifyOrderCompletion -->
        <test-method is-config="true" signature="aftertest()[pri:0, instance:test_scenarios.TestMethods@6302bbb1]" started-at="2022-12-21T16:02:39 IST" name="aftertest" finished-at="2022-12-21T16:02:39 IST" duration-ms="650" status="PASS">
          <reporter-output>
          </reporter-output>
        </test-method> <!-- aftertest -->
      </class> <!-- test_scenarios.TestMethods -->
    </test> <!-- Default test -->
  </suite> <!-- Default suite -->
</testng-results>
